# JRE version: OpenJDK Runtime Environment Homebrew (11.0.25) (build 11.0.25+0)
# Java VM: OpenJDK 64-Bit Server VM Homebrew (11.0.25+0, mixed mode, tiered, compressed oops, g1 gc, bsd-aarch64)
Heap:
 garbage-first heap   total 131072K, used 83935K [0x0000000780000000, 0x00000007c0000000)
  region size 1024K, 6 young (6144K), 1 survivors (1024K)
 Metaspace       used 143880K, capacity 150742K, committed 151120K, reserved 1177600K
  class space    used 19557K, capacity 22875K, committed 23040K, reserved 1048576K
GC Heap History (20 events):
Event: 63.226 GC heap before
{Heap before GC invocations=94 (full 0):
 garbage-first heap   total 131072K, used 111827K [0x0000000780000000, 0x00000007c0000000)
  region size 1024K, 35 young (35840K), 1 survivors (1024K)
 Metaspace       used 143522K, capacity 150320K, committed 150608K, reserved 1177600K
  class space    used 19554K, capacity 22877K, committed 23040K, reserved 1048576K
}
Event: 63.238 GC heap after
{Heap after GC invocations=95 (full 0):
 garbage-first heap   total 131072K, used 77006K [0x0000000780000000, 0x00000007c0000000)
  region size 1024K, 1 young (1024K), 1 survivors (1024K)
 Metaspace       used 143522K, capacity 150320K, committed 150608K, reserved 1177600K
  class space    used 19554K, capacity 22877K, committed 23040K, reserved 1048576K
}
Event: 67.667 GC heap before
{Heap before GC invocations=96 (full 0):
 garbage-first heap   total 131072K, used 109774K [0x0000000780000000, 0x00000007c0000000)
  region size 1024K, 35 young (35840K), 1 survivors (1024K)
 Metaspace       used 143545K, capacity 150390K, committed 150608K, reserved 1177600K
  class space    used 19559K, capacity 22880K, committed 23040K, reserved 1048576K
}
Event: 67.678 GC heap after
{Heap after GC invocations=97 (full 0):
 garbage-first heap   total 131072K, used 74982K [0x0000000780000000, 0x00000007c0000000)
  region size 1024K, 1 young (1024K), 1 survivors (1024K)
 Metaspace       used 143545K, capacity 150390K, committed 150608K, reserved 1177600K
  class space    used 19559K, capacity 22880K, committed 23040K, reserved 1048576K
}
Event: 71.644 GC heap before
{Heap before GC invocations=97 (full 0):
 garbage-first heap   total 131072K, used 111846K [0x0000000780000000, 0x00000007c0000000)
  region size 1024K, 37 young (37888K), 1 survivors (1024K)
 Metaspace       used 143556K, capacity 150390K, committed 150608K, reserved 1177600K
  class space    used 19560K, capacity 22880K, committed 23040K, reserved 1048576K
}
Event: 71.649 GC heap after
{Heap after GC invocations=98 (full 0):
 garbage-first heap   total 131072K, used 74980K [0x0000000780000000, 0x00000007c0000000)
  region size 1024K, 1 young (1024K), 1 survivors (1024K)
 Metaspace       used 143556K, capacity 150390K, committed 150608K, reserved 1177600K
  class space    used 19560K, capacity 22880K, committed 23040K, reserved 1048576K
}
Event: 75.692 GC heap before
{Heap before GC invocations=99 (full 0):
 garbage-first heap   total 131072K, used 111844K [0x0000000780000000, 0x00000007c0000000)
  region size 1024K, 37 young (37888K), 1 survivors (1024K)
 Metaspace       used 143547K, capacity 150377K, committed 150608K, reserved 1177600K
  class space    used 19557K, capacity 22875K, committed 23040K, reserved 1048576K
}
Event: 75.709 GC heap after
{Heap after GC invocations=100 (full 0):
 garbage-first heap   total 131072K, used 74996K [0x0000000780000000, 0x00000007c0000000)
  region size 1024K, 1 young (1024K), 1 survivors (1024K)
 Metaspace       used 143547K, capacity 150377K, committed 150608K, reserved 1177600K
  class space    used 19557K, capacity 22875K, committed 23040K, reserved 1048576K
}
Event: 79.522 GC heap before
{Heap before GC invocations=100 (full 0):
 garbage-first heap   total 131072K, used 112884K [0x0000000780000000, 0x00000007c0000000)
  region size 1024K, 38 young (38912K), 1 survivors (1024K)
 Metaspace       used 143604K, capacity 150453K, committed 150864K, reserved 1177600K
  class space    used 19557K, capacity 22875K, committed 23040K, reserved 1048576K
}
Event: 79.528 GC heap after
{Heap after GC invocations=101 (full 0):
 garbage-first heap   total 131072K, used 75169K [0x0000000780000000, 0x00000007c0000000)
  region size 1024K, 1 young (1024K), 1 survivors (1024K)
 Metaspace       used 143604K, capacity 150453K, committed 150864K, reserved 1177600K
  class space    used 19557K, capacity 22875K, committed 23040K, reserved 1048576K
}
Event: 79.709 GC heap before
{Heap before GC invocations=102 (full 0):
 garbage-first heap   total 131072K, used 95649K [0x0000000780000000, 0x00000007c0000000)
  region size 1024K, 13 young (13312K), 1 survivors (1024K)
 Metaspace       used 143667K, capacity 150468K, committed 150864K, reserved 1177600K
  class space    used 19557K, capacity 22875K, committed 23040K, reserved 1048576K
}
Event: 79.713 GC heap after
{Heap after GC invocations=103 (full 0):
 garbage-first heap   total 131072K, used 75686K [0x0000000780000000, 0x00000007c0000000)
  region size 1024K, 1 young (1024K), 1 survivors (1024K)
 Metaspace       used 143667K, capacity 150468K, committed 150864K, reserved 1177600K
  class space    used 19557K, capacity 22875K, committed 23040K, reserved 1048576K
}
Event: 80.000 GC heap before
{Heap before GC invocations=104 (full 0):
 garbage-first heap   total 131072K, used 92070K [0x0000000780000000, 0x00000007c0000000)
  region size 1024K, 14 young (14336K), 1 survivors (1024K)
 Metaspace       used 143732K, capacity 150604K, committed 150864K, reserved 1177600K
  class space    used 19557K, capacity 22875K, committed 23040K, reserved 1048576K
}
Event: 80.003 GC heap after
{Heap after GC invocations=105 (full 0):
 garbage-first heap   total 131072K, used 77744K [0x0000000780000000, 0x00000007c0000000)
  region size 1024K, 1 young (1024K), 1 survivors (1024K)
 Metaspace       used 143732K, capacity 150604K, committed 150864K, reserved 1177600K
  class space    used 19557K, capacity 22875K, committed 23040K, reserved 1048576K
}
Event: 80.068 GC heap before
{Heap before GC invocations=106 (full 0):
 garbage-first heap   total 131072K, used 84912K [0x0000000780000000, 0x00000007c0000000)
  region size 1024K, 4 young (4096K), 1 survivors (1024K)
 Metaspace       used 143737K, capacity 150604K, committed 150864K, reserved 1177600K
  class space    used 19557K, capacity 22875K, committed 23040K, reserved 1048576K
}
Event: 80.069 GC heap after
{Heap after GC invocations=107 (full 0):
 garbage-first heap   total 131072K, used 77745K [0x0000000780000000, 0x00000007c0000000)
  region size 1024K, 1 young (1024K), 1 survivors (1024K)
 Metaspace       used 143737K, capacity 150604K, committed 150864K, reserved 1177600K
  class space    used 19557K, capacity 22875K, committed 23040K, reserved 1048576K
}
Event: 80.289 GC heap before
{Heap before GC invocations=108 (full 0):
 garbage-first heap   total 131072K, used 90033K [0x0000000780000000, 0x00000007c0000000)
  region size 1024K, 13 young (13312K), 1 survivors (1024K)
 Metaspace       used 143811K, capacity 150674K, committed 150864K, reserved 1177600K
  class space    used 19557K, capacity 22875K, committed 23040K, reserved 1048576K
}
Event: 80.290 GC heap after
{Heap after GC invocations=109 (full 0):
 garbage-first heap   total 131072K, used 77824K [0x0000000780000000, 0x00000007c0000000)
  region size 1024K, 1 young (1024K), 1 survivors (1024K)
 Metaspace       used 143811K, capacity 150674K, committed 150864K, reserved 1177600K
  class space    used 19557K, capacity 22875K, committed 23040K, reserved 1048576K
}
Event: 80.443 GC heap before
{Heap before GC invocations=110 (full 0):
 garbage-first heap   total 131072K, used 84992K [0x0000000780000000, 0x00000007c0000000)
  region size 1024K, 4 young (4096K), 1 survivors (1024K)
 Metaspace       used 143826K, capacity 150675K, committed 150864K, reserved 1177600K
  class space    used 19557K, capacity 22875K, committed 23040K, reserved 1048576K
}
Event: 80.444 GC heap after
{Heap after GC invocations=111 (full 0):
 garbage-first heap   total 131072K, used 77791K [0x0000000780000000, 0x00000007c0000000)
  region size 1024K, 1 young (1024K), 1 survivors (1024K)
 Metaspace       used 143826K, capacity 150675K, committed 150864K, reserved 1177600K
  class space    used 19557K, capacity 22875K, committed 23040K, reserved 1048576K
}

