# JRE version: OpenJDK Runtime Environment Homebrew (11.0.25) (build 11.0.25+0)
# Java VM: OpenJDK 64-Bit Server VM Homebrew (11.0.25+0, mixed mode, tiered, compressed oops, g1 gc, bsd-aarch64)
Heap:
 garbage-first heap   total 194560K, used 104902K [0x0000000780000000, 0x00000007c0000000)
  region size 1024K, 20 young (20480K), 2 survivors (2048K)
 Metaspace       used 146451K, capacity 153394K, committed 153632K, reserved 1179648K
  class space    used 19576K, capacity 22919K, committed 22992K, reserved 1048576K
GC Heap History (20 events):
Event: 21.915 GC heap before
{Heap before GC invocations=203 (full 0):
 garbage-first heap   total 157696K, used 93874K [0x0000000780000000, 0x00000007c0000000)
  region size 1024K, 15 young (15360K), 2 survivors (2048K)
 Metaspace       used 146123K, capacity 152995K, committed 153120K, reserved 1179648K
  class space    used 19575K, capacity 22917K, committed 22992K, reserved 1048576K
}
Event: 21.917 GC heap after
{Heap after GC invocations=204 (full 0):
 garbage-first heap   total 157696K, used 80553K [0x0000000780000000, 0x00000007c0000000)
  region size 1024K, 2 young (2048K), 2 survivors (2048K)
 Metaspace       used 146123K, capacity 152995K, committed 153120K, reserved 1179648K
  class space    used 19575K, capacity 22917K, committed 22992K, reserved 1048576K
}
Event: 22.000 GC heap before
{Heap before GC invocations=205 (full 0):
 garbage-first heap   total 157696K, used 93865K [0x0000000780000000, 0x00000007c0000000)
  region size 1024K, 11 young (11264K), 2 survivors (2048K)
 Metaspace       used 146134K, capacity 153059K, committed 153376K, reserved 1179648K
  class space    used 19575K, capacity 22917K, committed 22992K, reserved 1048576K
}
Event: 22.004 GC heap after
{Heap after GC invocations=206 (full 0):
 garbage-first heap   total 157696K, used 80719K [0x0000000780000000, 0x00000007c0000000)
  region size 1024K, 2 young (2048K), 2 survivors (2048K)
 Metaspace       used 146134K, capacity 153059K, committed 153376K, reserved 1179648K
  class space    used 19575K, capacity 22917K, committed 22992K, reserved 1048576K
}
Event: 22.114 GC heap before
{Heap before GC invocations=207 (full 0):
 garbage-first heap   total 157696K, used 89935K [0x0000000780000000, 0x00000007c0000000)
  region size 1024K, 5 young (5120K), 2 survivors (2048K)
 Metaspace       used 146135K, capacity 153060K, committed 153376K, reserved 1179648K
  class space    used 19575K, capacity 22917K, committed 22992K, reserved 1048576K
}
Event: 22.117 GC heap after
{Heap after GC invocations=208 (full 0):
 garbage-first heap   total 194560K, used 80735K [0x0000000780000000, 0x00000007c0000000)
  region size 1024K, 2 young (2048K), 2 survivors (2048K)
 Metaspace       used 146135K, capacity 153060K, committed 153376K, reserved 1179648K
  class space    used 19575K, capacity 22917K, committed 22992K, reserved 1048576K
}
Event: 22.312 GC heap before
{Heap before GC invocations=209 (full 0):
 garbage-first heap   total 194560K, used 110431K [0x0000000780000000, 0x00000007c0000000)
  region size 1024K, 25 young (25600K), 2 survivors (2048K)
 Metaspace       used 146255K, capacity 153148K, committed 153376K, reserved 1179648K
  class space    used 19575K, capacity 22918K, committed 22992K, reserved 1048576K
}
Event: 22.314 GC heap after
{Heap after GC invocations=210 (full 0):
 garbage-first heap   total 194560K, used 81081K [0x0000000780000000, 0x00000007c0000000)
  region size 1024K, 2 young (2048K), 2 survivors (2048K)
 Metaspace       used 146255K, capacity 153148K, committed 153376K, reserved 1179648K
  class space    used 19575K, capacity 22918K, committed 22992K, reserved 1048576K
}
Event: 22.373 GC heap before
{Heap before GC invocations=211 (full 0):
 garbage-first heap   total 194560K, used 95417K [0x0000000780000000, 0x00000007c0000000)
  region size 1024K, 10 young (10240K), 2 survivors (2048K)
 Metaspace       used 146269K, capacity 153154K, committed 153376K, reserved 1179648K
  class space    used 19575K, capacity 22918K, committed 22992K, reserved 1048576K
}
Event: 22.376 GC heap after
{Heap after GC invocations=212 (full 0):
 garbage-first heap   total 194560K, used 80880K [0x0000000780000000, 0x00000007c0000000)
  region size 1024K, 2 young (2048K), 2 survivors (2048K)
 Metaspace       used 146269K, capacity 153154K, committed 153376K, reserved 1179648K
  class space    used 19575K, capacity 22918K, committed 22992K, reserved 1048576K
}
Event: 22.559 GC heap before
{Heap before GC invocations=213 (full 0):
 garbage-first heap   total 194560K, used 105456K [0x0000000780000000, 0x00000007c0000000)
  region size 1024K, 21 young (21504K), 2 survivors (2048K)
 Metaspace       used 146293K, capacity 153230K, committed 153376K, reserved 1179648K
  class space    used 19576K, capacity 22919K, committed 22992K, reserved 1048576K
}
Event: 22.562 GC heap after
{Heap after GC invocations=214 (full 0):
 garbage-first heap   total 194560K, used 81121K [0x0000000780000000, 0x00000007c0000000)
  region size 1024K, 2 young (2048K), 2 survivors (2048K)
 Metaspace       used 146293K, capacity 153230K, committed 153376K, reserved 1179648K
  class space    used 19576K, capacity 22919K, committed 22992K, reserved 1048576K
}
Event: 22.695 GC heap before
{Heap before GC invocations=215 (full 0):
 garbage-first heap   total 194560K, used 96481K [0x0000000780000000, 0x00000007c0000000)
  region size 1024K, 11 young (11264K), 2 survivors (2048K)
 Metaspace       used 146329K, capacity 153240K, committed 153376K, reserved 1179648K
  class space    used 19576K, capacity 22919K, committed 22992K, reserved 1048576K
}
Event: 22.698 GC heap after
{Heap after GC invocations=216 (full 0):
 garbage-first heap   total 194560K, used 81111K [0x0000000780000000, 0x00000007c0000000)
  region size 1024K, 2 young (2048K), 2 survivors (2048K)
 Metaspace       used 146329K, capacity 153240K, committed 153376K, reserved 1179648K
  class space    used 19576K, capacity 22919K, committed 22992K, reserved 1048576K
}
Event: 22.771 GC heap before
{Heap before GC invocations=217 (full 0):
 garbage-first heap   total 194560K, used 97495K [0x0000000780000000, 0x00000007c0000000)
  region size 1024K, 12 young (12288K), 2 survivors (2048K)
 Metaspace       used 146344K, capacity 153241K, committed 153376K, reserved 1179648K
  class space    used 19576K, capacity 22919K, committed 22992K, reserved 1048576K
}
Event: 22.774 GC heap after
{Heap after GC invocations=218 (full 0):
 garbage-first heap   total 194560K, used 81145K [0x0000000780000000, 0x00000007c0000000)
  region size 1024K, 2 young (2048K), 2 survivors (2048K)
 Metaspace       used 146344K, capacity 153241K, committed 153376K, reserved 1179648K
  class space    used 19576K, capacity 22919K, committed 22992K, reserved 1048576K
}
Event: 22.923 GC heap before
{Heap before GC invocations=219 (full 0):
 garbage-first heap   total 194560K, used 104697K [0x0000000780000000, 0x00000007c0000000)
  region size 1024K, 19 young (19456K), 2 survivors (2048K)
 Metaspace       used 146372K, capacity 153306K, committed 153632K, reserved 1179648K
  class space    used 19576K, capacity 22919K, committed 22992K, reserved 1048576K
}
Event: 22.926 GC heap after
{Heap after GC invocations=220 (full 0):
 garbage-first heap   total 194560K, used 81242K [0x0000000780000000, 0x00000007c0000000)
  region size 1024K, 2 young (2048K), 2 survivors (2048K)
 Metaspace       used 146372K, capacity 153306K, committed 153632K, reserved 1179648K
  class space    used 19576K, capacity 22919K, committed 22992K, reserved 1048576K
}
Event: 23.114 GC heap before
{Heap before GC invocations=221 (full 0):
 garbage-first heap   total 194560K, used 97626K [0x0000000780000000, 0x00000007c0000000)
  region size 1024K, 12 young (12288K), 2 survivors (2048K)
 Metaspace       used 146388K, capacity 153370K, committed 153632K, reserved 1179648K
  class space    used 19576K, capacity 22919K, committed 22992K, reserved 1048576K
}
Event: 23.121 GC heap after
{Heap after GC invocations=222 (full 0):
 garbage-first heap   total 194560K, used 81350K [0x0000000780000000, 0x00000007c0000000)
  region size 1024K, 2 young (2048K), 2 survivors (2048K)
 Metaspace       used 146388K, capacity 153370K, committed 153632K, reserved 1179648K
  class space    used 19576K, capacity 22919K, committed 22992K, reserved 1048576K
}

