# JRE version: OpenJDK Runtime Environment Homebrew (11.0.25) (build 11.0.25+0)
# Java VM: OpenJDK 64-Bit Server VM Homebrew (11.0.25+0, mixed mode, tiered, compressed oops, g1 gc, bsd-aarch64)
Heap:
 garbage-first heap   total 131072K, used 82320K [0x0000000780000000, 0x00000007c0000000)
  region size 1024K, 31 young (31744K), 4 survivors (4096K)
 Metaspace       used 106836K, capacity 110301K, committed 110576K, reserved 1144832K
  class space    used 14424K, capacity 16269K, committed 16384K, reserved 1048576K
GC Heap History (20 events):
Event: 2.560 GC heap before
{Heap before GC invocations=10 (full 0):
 garbage-first heap   total 131072K, used 89921K [0x0000000780000000, 0x00000007c0000000)
  region size 1024K, 55 young (56320K), 5 survivors (5120K)
 Metaspace       used 52422K, capacity 53951K, committed 54224K, reserved 1095680K
  class space    used 6754K, capacity 7533K, committed 7552K, reserved 1048576K
}
Event: 2.564 GC heap after
{Heap after GC invocations=11 (full 0):
 garbage-first heap   total 131072K, used 40846K [0x0000000780000000, 0x00000007c0000000)
  region size 1024K, 3 young (3072K), 3 survivors (3072K)
 Metaspace       used 52422K, capacity 53951K, committed 54224K, reserved 1095680K
  class space    used 6754K, capacity 7533K, committed 7552K, reserved 1048576K
}
Event: 2.942 GC heap before
{Heap before GC invocations=11 (full 0):
 garbage-first heap   total 131072K, used 91022K [0x0000000780000000, 0x00000007c0000000)
  region size 1024K, 53 young (54272K), 3 survivors (3072K)
 Metaspace       used 58295K, capacity 59987K, committed 60240K, reserved 1101824K
  class space    used 7509K, capacity 8374K, committed 8448K, reserved 1048576K
}
Event: 2.943 GC heap after
{Heap after GC invocations=12 (full 0):
 garbage-first heap   total 131072K, used 42679K [0x0000000780000000, 0x00000007c0000000)
  region size 1024K, 4 young (4096K), 4 survivors (4096K)
 Metaspace       used 58295K, capacity 59987K, committed 60240K, reserved 1101824K
  class space    used 7509K, capacity 8374K, committed 8448K, reserved 1048576K
}
Event: 2.956 GC heap before
{Heap before GC invocations=12 (full 0):
 garbage-first heap   total 131072K, used 45751K [0x0000000780000000, 0x00000007c0000000)
  region size 1024K, 8 young (8192K), 4 survivors (4096K)
 Metaspace       used 58414K, capacity 60147K, committed 60240K, reserved 1101824K
  class space    used 7513K, capacity 8406K, committed 8448K, reserved 1048576K
}
Event: 2.957 GC heap after
{Heap after GC invocations=13 (full 0):
 garbage-first heap   total 131072K, used 42825K [0x0000000780000000, 0x00000007c0000000)
  region size 1024K, 3 young (3072K), 3 survivors (3072K)
 Metaspace       used 58414K, capacity 60147K, committed 60240K, reserved 1101824K
  class space    used 7513K, capacity 8406K, committed 8448K, reserved 1048576K
}
Event: 3.184 GC heap before
{Heap before GC invocations=14 (full 0):
 garbage-first heap   total 131072K, used 83785K [0x0000000780000000, 0x00000007c0000000)
  region size 1024K, 43 young (44032K), 3 survivors (3072K)
 Metaspace       used 64800K, capacity 66778K, committed 67024K, reserved 1107968K
  class space    used 8319K, capacity 9319K, committed 9344K, reserved 1048576K
}
Event: 3.186 GC heap after
{Heap after GC invocations=15 (full 0):
 garbage-first heap   total 131072K, used 44730K [0x0000000780000000, 0x00000007c0000000)
  region size 1024K, 5 young (5120K), 5 survivors (5120K)
 Metaspace       used 64800K, capacity 66778K, committed 67024K, reserved 1107968K
  class space    used 8319K, capacity 9319K, committed 9344K, reserved 1048576K
}
Event: 3.428 GC heap before
{Heap before GC invocations=15 (full 0):
 garbage-first heap   total 131072K, used 87738K [0x0000000780000000, 0x00000007c0000000)
  region size 1024K, 47 young (48128K), 5 survivors (5120K)
 Metaspace       used 71858K, capacity 73834K, committed 74064K, reserved 1114112K
  class space    used 9167K, capacity 10202K, committed 10240K, reserved 1048576K
}
Event: 3.430 GC heap after
{Heap after GC invocations=16 (full 0):
 garbage-first heap   total 131072K, used 46533K [0x0000000780000000, 0x00000007c0000000)
  region size 1024K, 4 young (4096K), 4 survivors (4096K)
 Metaspace       used 71858K, capacity 73834K, committed 74064K, reserved 1114112K
  class space    used 9167K, capacity 10202K, committed 10240K, reserved 1048576K
}
Event: 3.682 GC heap before
{Heap before GC invocations=16 (full 0):
 garbage-first heap   total 131072K, used 92613K [0x0000000780000000, 0x00000007c0000000)
  region size 1024K, 49 young (50176K), 4 survivors (4096K)
 Metaspace       used 78391K, capacity 80553K, committed 80720K, reserved 1118208K
  class space    used 10093K, capacity 11189K, committed 11264K, reserved 1048576K
}
Event: 3.684 GC heap after
{Heap after GC invocations=17 (full 0):
 garbage-first heap   total 131072K, used 48928K [0x0000000780000000, 0x00000007c0000000)
  region size 1024K, 5 young (5120K), 5 survivors (5120K)
 Metaspace       used 78391K, capacity 80553K, committed 80720K, reserved 1118208K
  class space    used 10093K, capacity 11189K, committed 11264K, reserved 1048576K
}
Event: 3.927 GC heap before
{Heap before GC invocations=17 (full 0):
 garbage-first heap   total 131072K, used 95008K [0x0000000780000000, 0x00000007c0000000)
  region size 1024K, 50 young (51200K), 5 survivors (5120K)
 Metaspace       used 87074K, capacity 89511K, committed 89808K, reserved 1126400K
  class space    used 11314K, capacity 12568K, committed 12672K, reserved 1048576K
}
Event: 3.929 GC heap after
{Heap after GC invocations=18 (full 0):
 garbage-first heap   total 131072K, used 49854K [0x0000000780000000, 0x00000007c0000000)
  region size 1024K, 4 young (4096K), 4 survivors (4096K)
 Metaspace       used 87074K, capacity 89511K, committed 89808K, reserved 1126400K
  class space    used 11314K, capacity 12568K, committed 12672K, reserved 1048576K
}
Event: 4.234 GC heap before
{Heap before GC invocations=18 (full 0):
 garbage-first heap   total 131072K, used 97982K [0x0000000780000000, 0x00000007c0000000)
  region size 1024K, 51 young (52224K), 4 survivors (4096K)
 Metaspace       used 94265K, capacity 96956K, committed 97232K, reserved 1132544K
  class space    used 12480K, capacity 13871K, committed 13952K, reserved 1048576K
}
Event: 4.240 GC heap after
{Heap after GC invocations=19 (full 0):
 garbage-first heap   total 131072K, used 51938K [0x0000000780000000, 0x00000007c0000000)
  region size 1024K, 6 young (6144K), 6 survivors (6144K)
 Metaspace       used 94265K, capacity 96956K, committed 97232K, reserved 1132544K
  class space    used 12480K, capacity 13871K, committed 13952K, reserved 1048576K
}
Event: 4.389 GC heap before
{Heap before GC invocations=19 (full 0):
 garbage-first heap   total 131072K, used 70370K [0x0000000780000000, 0x00000007c0000000)
  region size 1024K, 25 young (25600K), 6 survivors (6144K)
 Metaspace       used 98003K, capacity 100931K, committed 101040K, reserved 1136640K
  class space    used 12967K, capacity 14453K, committed 14464K, reserved 1048576K
}
Event: 4.392 GC heap after
{Heap after GC invocations=20 (full 0):
 garbage-first heap   total 131072K, used 53389K [0x0000000780000000, 0x00000007c0000000)
  region size 1024K, 5 young (5120K), 5 survivors (5120K)
 Metaspace       used 98003K, capacity 100931K, committed 101040K, reserved 1136640K
  class space    used 12967K, capacity 14453K, committed 14464K, reserved 1048576K
}
Event: 4.832 GC heap before
{Heap before GC invocations=21 (full 0):
 garbage-first heap   total 131072K, used 99469K [0x0000000780000000, 0x00000007c0000000)
  region size 1024K, 51 young (52224K), 5 survivors (5120K)
 Metaspace       used 103704K, capacity 107022K, committed 107120K, reserved 1140736K
  class space    used 13922K, capacity 15650K, committed 15744K, reserved 1048576K
}
Event: 4.836 GC heap after
{Heap after GC invocations=22 (full 0):
 garbage-first heap   total 131072K, used 55696K [0x0000000780000000, 0x00000007c0000000)
  region size 1024K, 4 young (4096K), 4 survivors (4096K)
 Metaspace       used 103704K, capacity 107022K, committed 107120K, reserved 1140736K
  class space    used 13922K, capacity 15650K, committed 15744K, reserved 1048576K
}

