# JRE version: OpenJDK Runtime Environment Homebrew (11.0.25) (build 11.0.25+0)
# Java VM: OpenJDK 64-Bit Server VM Homebrew (11.0.25+0, mixed mode, tiered, compressed oops, g1 gc, bsd-aarch64)
Heap:
 garbage-first heap   total 189440K, used 96429K [0x0000000780000000, 0x00000007c0000000)
  region size 1024K, 12 young (12288K), 2 survivors (2048K)
 Metaspace       used 145206K, capacity 152084K, committed 152736K, reserved 1179648K
  class space    used 19593K, capacity 22944K, committed 23376K, reserved 1048576K
GC Heap History (20 events):
Event: 82.382 GC heap before
{Heap before GC invocations=121 (full 0):
 garbage-first heap   total 131072K, used 86473K [0x0000000780000000, 0x00000007c0000000)
  region size 1024K, 10 young (10240K), 2 survivors (2048K)
 Metaspace       used 144765K, capacity 151616K, committed 152480K, reserved 1179648K
  class space    used 19591K, capacity 22941K, committed 23376K, reserved 1048576K
}
Event: 82.384 GC heap after
{Heap after GC invocations=122 (full 0):
 garbage-first heap   total 131072K, used 77252K [0x0000000780000000, 0x00000007c0000000)
  region size 1024K, 2 young (2048K), 2 survivors (2048K)
 Metaspace       used 144765K, capacity 151616K, committed 152480K, reserved 1179648K
  class space    used 19591K, capacity 22941K, committed 23376K, reserved 1048576K
}
Event: 82.434 GC heap before
{Heap before GC invocations=123 (full 0):
 garbage-first heap   total 131072K, used 84420K [0x0000000780000000, 0x00000007c0000000)
  region size 1024K, 5 young (5120K), 2 survivors (2048K)
 Metaspace       used 144778K, capacity 151617K, committed 152480K, reserved 1179648K
  class space    used 19591K, capacity 22941K, committed 23376K, reserved 1048576K
}
Event: 82.437 GC heap after
{Heap after GC invocations=124 (full 0):
 garbage-first heap   total 131072K, used 77312K [0x0000000780000000, 0x00000007c0000000)
  region size 1024K, 2 young (2048K), 2 survivors (2048K)
 Metaspace       used 144778K, capacity 151617K, committed 152480K, reserved 1179648K
  class space    used 19591K, capacity 22941K, committed 23376K, reserved 1048576K
}
Event: 82.540 GC heap before
{Heap before GC invocations=125 (full 0):
 garbage-first heap   total 131072K, used 90624K [0x0000000780000000, 0x00000007c0000000)
  region size 1024K, 14 young (14336K), 2 survivors (2048K)
 Metaspace       used 144845K, capacity 151689K, committed 152480K, reserved 1179648K
  class space    used 19591K, capacity 22941K, committed 23376K, reserved 1048576K
}
Event: 82.543 GC heap after
{Heap after GC invocations=126 (full 0):
 garbage-first heap   total 131072K, used 77408K [0x0000000780000000, 0x00000007c0000000)
  region size 1024K, 2 young (2048K), 2 survivors (2048K)
 Metaspace       used 144845K, capacity 151689K, committed 152480K, reserved 1179648K
  class space    used 19591K, capacity 22941K, committed 23376K, reserved 1048576K
}
Event: 82.661 GC heap before
{Heap before GC invocations=127 (full 0):
 garbage-first heap   total 131072K, used 85600K [0x0000000780000000, 0x00000007c0000000)
  region size 1024K, 6 young (6144K), 2 survivors (2048K)
 Metaspace       used 144864K, capacity 151694K, committed 152480K, reserved 1179648K
  class space    used 19591K, capacity 22941K, committed 23376K, reserved 1048576K
}
Event: 82.664 GC heap after
{Heap after GC invocations=128 (full 0):
 garbage-first heap   total 157696K, used 77341K [0x0000000780000000, 0x00000007c0000000)
  region size 1024K, 2 young (2048K), 2 survivors (2048K)
 Metaspace       used 144864K, capacity 151694K, committed 152480K, reserved 1179648K
  class space    used 19591K, capacity 22941K, committed 23376K, reserved 1048576K
}
Event: 82.720 GC heap before
{Heap before GC invocations=129 (full 0):
 garbage-first heap   total 157696K, used 85533K [0x0000000780000000, 0x00000007c0000000)
  region size 1024K, 9 young (9216K), 2 survivors (2048K)
 Metaspace       used 144918K, capacity 151762K, committed 152480K, reserved 1179648K
  class space    used 19591K, capacity 22941K, committed 23376K, reserved 1048576K
}
Event: 82.722 GC heap after
{Heap after GC invocations=130 (full 0):
 garbage-first heap   total 157696K, used 77475K [0x0000000780000000, 0x00000007c0000000)
  region size 1024K, 2 young (2048K), 2 survivors (2048K)
 Metaspace       used 144918K, capacity 151762K, committed 152480K, reserved 1179648K
  class space    used 19591K, capacity 22941K, committed 23376K, reserved 1048576K
}
Event: 82.892 GC heap before
{Heap before GC invocations=131 (full 0):
 garbage-first heap   total 157696K, used 100003K [0x0000000780000000, 0x00000007c0000000)
  region size 1024K, 18 young (18432K), 2 survivors (2048K)
 Metaspace       used 144958K, capacity 151786K, committed 152480K, reserved 1179648K
  class space    used 19592K, capacity 22943K, committed 23376K, reserved 1048576K
}
Event: 82.894 GC heap after
{Heap after GC invocations=132 (full 0):
 garbage-first heap   total 157696K, used 77510K [0x0000000780000000, 0x00000007c0000000)
  region size 1024K, 2 young (2048K), 2 survivors (2048K)
 Metaspace       used 144958K, capacity 151786K, committed 152480K, reserved 1179648K
  class space    used 19592K, capacity 22943K, committed 23376K, reserved 1048576K
}
Event: 82.973 GC heap before
{Heap before GC invocations=133 (full 0):
 garbage-first heap   total 157696K, used 90822K [0x0000000780000000, 0x00000007c0000000)
  region size 1024K, 11 young (11264K), 2 survivors (2048K)
 Metaspace       used 144997K, capacity 151858K, committed 152736K, reserved 1179648K
  class space    used 19592K, capacity 22943K, committed 23376K, reserved 1048576K
}
Event: 82.976 GC heap after
{Heap after GC invocations=134 (full 0):
 garbage-first heap   total 157696K, used 77836K [0x0000000780000000, 0x00000007c0000000)
  region size 1024K, 2 young (2048K), 2 survivors (2048K)
 Metaspace       used 144997K, capacity 151858K, committed 152736K, reserved 1179648K
  class space    used 19592K, capacity 22943K, committed 23376K, reserved 1048576K
}
Event: 83.171 GC heap before
{Heap before GC invocations=135 (full 0):
 garbage-first heap   total 157696K, used 85004K [0x0000000780000000, 0x00000007c0000000)
  region size 1024K, 5 young (5120K), 2 survivors (2048K)
 Metaspace       used 145020K, capacity 151864K, committed 152736K, reserved 1179648K
  class space    used 19592K, capacity 22943K, committed 23376K, reserved 1048576K
}
Event: 83.175 GC heap after
{Heap after GC invocations=136 (full 0):
 garbage-first heap   total 157696K, used 77827K [0x0000000780000000, 0x00000007c0000000)
  region size 1024K, 2 young (2048K), 2 survivors (2048K)
 Metaspace       used 145020K, capacity 151864K, committed 152736K, reserved 1179648K
  class space    used 19592K, capacity 22943K, committed 23376K, reserved 1048576K
}
Event: 83.238 GC heap before
{Heap before GC invocations=137 (full 0):
 garbage-first heap   total 157696K, used 83971K [0x0000000780000000, 0x00000007c0000000)
  region size 1024K, 7 young (7168K), 2 survivors (2048K)
 Metaspace       used 145035K, capacity 151866K, committed 152736K, reserved 1179648K
  class space    used 19592K, capacity 22943K, committed 23376K, reserved 1048576K
}
Event: 83.240 GC heap after
{Heap after GC invocations=138 (full 0):
 garbage-first heap   total 189440K, used 77720K [0x0000000780000000, 0x00000007c0000000)
  region size 1024K, 2 young (2048K), 2 survivors (2048K)
 Metaspace       used 145035K, capacity 151866K, committed 152736K, reserved 1179648K
  class space    used 19592K, capacity 22943K, committed 23376K, reserved 1048576K
}
Event: 83.431 GC heap before
{Heap before GC invocations=139 (full 0):
 garbage-first heap   total 189440K, used 104344K [0x0000000780000000, 0x00000007c0000000)
  region size 1024K, 22 young (22528K), 2 survivors (2048K)
 Metaspace       used 145183K, capacity 152014K, committed 152736K, reserved 1179648K
  class space    used 19593K, capacity 22944K, committed 23376K, reserved 1048576K
}
Event: 83.433 GC heap after
{Heap after GC invocations=140 (full 0):
 garbage-first heap   total 189440K, used 77997K [0x0000000780000000, 0x00000007c0000000)
  region size 1024K, 2 young (2048K), 2 survivors (2048K)
 Metaspace       used 145183K, capacity 152014K, committed 152736K, reserved 1179648K
  class space    used 19593K, capacity 22944K, committed 23376K, reserved 1048576K
}

