# JRE version: OpenJDK Runtime Environment Homebrew (11.0.25) (build 11.0.25+0)
# Java VM: OpenJDK 64-Bit Server VM Homebrew (11.0.25+0, mixed mode, tiered, compressed oops, g1 gc, bsd-aarch64)
Heap:
 garbage-first heap   total 131072K, used 83764K [0x0000000780000000, 0x00000007c0000000)
  region size 1024K, 30 young (30720K), 4 survivors (4096K)
 Metaspace       used 116348K, capacity 120540K, committed 120784K, reserved 1153024K
  class space    used 15575K, capacity 17668K, committed 17792K, reserved 1048576K
GC Heap History (20 events):
Event: 3.082 GC heap before
{Heap before GC invocations=12 (full 0):
 garbage-first heap   total 131072K, used 48958K [0x0000000780000000, 0x00000007c0000000)
  region size 1024K, 12 young (12288K), 4 survivors (4096K)
 Metaspace       used 58410K, capacity 60147K, committed 60240K, reserved 1101824K
  class space    used 7513K, capacity 8405K, committed 8448K, reserved 1048576K
}
Event: 3.085 GC heap after
{Heap after GC invocations=13 (full 0):
 garbage-first heap   total 131072K, used 41978K [0x0000000780000000, 0x00000007c0000000)
  region size 1024K, 5 young (5120K), 5 survivors (5120K)
 Metaspace       used 58410K, capacity 60147K, committed 60240K, reserved 1101824K
  class space    used 7513K, capacity 8405K, committed 8448K, reserved 1048576K
}
Event: 3.382 GC heap before
{Heap before GC invocations=14 (full 0):
 garbage-first heap   total 131072K, used 83962K [0x0000000780000000, 0x00000007c0000000)
  region size 1024K, 47 young (48128K), 5 survivors (5120K)
 Metaspace       used 65049K, capacity 67000K, committed 67152K, reserved 1107968K
  class space    used 8341K, capacity 9350K, committed 9472K, reserved 1048576K
}
Event: 3.385 GC heap after
{Heap after GC invocations=15 (full 0):
 garbage-first heap   total 131072K, used 44110K [0x0000000780000000, 0x00000007c0000000)
  region size 1024K, 5 young (5120K), 5 survivors (5120K)
 Metaspace       used 65049K, capacity 67000K, committed 67152K, reserved 1107968K
  class space    used 8341K, capacity 9350K, committed 9472K, reserved 1048576K
}
Event: 3.678 GC heap before
{Heap before GC invocations=15 (full 0):
 garbage-first heap   total 131072K, used 91214K [0x0000000780000000, 0x00000007c0000000)
  region size 1024K, 50 young (51200K), 5 survivors (5120K)
 Metaspace       used 72172K, capacity 74156K, committed 74448K, reserved 1114112K
  class space    used 9237K, capacity 10265K, committed 10368K, reserved 1048576K
}
Event: 3.680 GC heap after
{Heap after GC invocations=16 (full 0):
 garbage-first heap   total 131072K, used 45859K [0x0000000780000000, 0x00000007c0000000)
  region size 1024K, 5 young (5120K), 5 survivors (5120K)
 Metaspace       used 72172K, capacity 74156K, committed 74448K, reserved 1114112K
  class space    used 9237K, capacity 10265K, committed 10368K, reserved 1048576K
}
Event: 3.919 GC heap before
{Heap before GC invocations=16 (full 0):
 garbage-first heap   total 131072K, used 92963K [0x0000000780000000, 0x00000007c0000000)
  region size 1024K, 51 young (52224K), 5 survivors (5120K)
 Metaspace       used 78977K, capacity 81156K, committed 81360K, reserved 1120256K
  class space    used 10206K, capacity 11323K, committed 11392K, reserved 1048576K
}
Event: 3.922 GC heap after
{Heap after GC invocations=17 (full 0):
 garbage-first heap   total 131072K, used 48109K [0x0000000780000000, 0x00000007c0000000)
  region size 1024K, 4 young (4096K), 4 survivors (4096K)
 Metaspace       used 78977K, capacity 81156K, committed 81360K, reserved 1120256K
  class space    used 10206K, capacity 11323K, committed 11392K, reserved 1048576K
}
Event: 4.162 GC heap before
{Heap before GC invocations=17 (full 0):
 garbage-first heap   total 131072K, used 96237K [0x0000000780000000, 0x00000007c0000000)
  region size 1024K, 52 young (53248K), 4 survivors (4096K)
 Metaspace       used 88394K, capacity 90862K, committed 90960K, reserved 1128448K
  class space    used 11524K, capacity 12788K, committed 12800K, reserved 1048576K
}
Event: 4.163 GC heap after
{Heap after GC invocations=18 (full 0):
 garbage-first heap   total 131072K, used 49552K [0x0000000780000000, 0x00000007c0000000)
  region size 1024K, 4 young (4096K), 4 survivors (4096K)
 Metaspace       used 88394K, capacity 90862K, committed 90960K, reserved 1128448K
  class space    used 11524K, capacity 12788K, committed 12800K, reserved 1048576K
}
Event: 4.501 GC heap before
{Heap before GC invocations=18 (full 0):
 garbage-first heap   total 131072K, used 98704K [0x0000000780000000, 0x00000007c0000000)
  region size 1024K, 52 young (53248K), 4 survivors (4096K)
 Metaspace       used 96364K, capacity 99076K, committed 99280K, reserved 1134592K
  class space    used 12693K, capacity 14094K, committed 14208K, reserved 1048576K
}
Event: 4.504 GC heap after
{Heap after GC invocations=19 (full 0):
 garbage-first heap   total 131072K, used 51978K [0x0000000780000000, 0x00000007c0000000)
  region size 1024K, 6 young (6144K), 6 survivors (6144K)
 Metaspace       used 96364K, capacity 99076K, committed 99280K, reserved 1134592K
  class space    used 12693K, capacity 14094K, committed 14208K, reserved 1048576K
}
Event: 4.657 GC heap before
{Heap before GC invocations=19 (full 0):
 garbage-first heap   total 131072K, used 61194K [0x0000000780000000, 0x00000007c0000000)
  region size 1024K, 16 young (16384K), 6 survivors (6144K)
 Metaspace       used 97866K, capacity 100731K, committed 100816K, reserved 1136640K
  class space    used 12935K, capacity 14418K, committed 14464K, reserved 1048576K
}
Event: 4.661 GC heap after
{Heap after GC invocations=20 (full 0):
 garbage-first heap   total 131072K, used 52425K [0x0000000780000000, 0x00000007c0000000)
  region size 1024K, 5 young (5120K), 5 survivors (5120K)
 Metaspace       used 97866K, capacity 100731K, committed 100816K, reserved 1136640K
  class space    used 12935K, capacity 14418K, committed 14464K, reserved 1048576K
}
Event: 5.051 GC heap before
{Heap before GC invocations=21 (full 0):
 garbage-first heap   total 131072K, used 91337K [0x0000000780000000, 0x00000007c0000000)
  region size 1024K, 43 young (44032K), 5 survivors (5120K)
 Metaspace       used 102669K, capacity 105945K, committed 106064K, reserved 1140736K
  class space    used 13659K, capacity 15360K, committed 15360K, reserved 1048576K
}
Event: 5.054 GC heap after
{Heap after GC invocations=22 (full 0):
 garbage-first heap   total 131072K, used 55175K [0x0000000780000000, 0x00000007c0000000)
  region size 1024K, 6 young (6144K), 6 survivors (6144K)
 Metaspace       used 102669K, capacity 105945K, committed 106064K, reserved 1140736K
  class space    used 13659K, capacity 15360K, committed 15360K, reserved 1048576K
}
Event: 5.294 GC heap before
{Heap before GC invocations=22 (full 0):
 garbage-first heap   total 131072K, used 93063K [0x0000000780000000, 0x00000007c0000000)
  region size 1024K, 44 young (45056K), 6 survivors (6144K)
 Metaspace       used 107225K, capacity 110733K, committed 110928K, reserved 1144832K
  class space    used 14481K, capacity 16307K, committed 16384K, reserved 1048576K
}
Event: 5.300 GC heap after
{Heap after GC invocations=23 (full 0):
 garbage-first heap   total 131072K, used 56856K [0x0000000780000000, 0x00000007c0000000)
  region size 1024K, 5 young (5120K), 5 survivors (5120K)
 Metaspace       used 107225K, capacity 110733K, committed 110928K, reserved 1144832K
  class space    used 14481K, capacity 16307K, committed 16384K, reserved 1048576K
}
Event: 5.481 GC heap before
{Heap before GC invocations=23 (full 0):
 garbage-first heap   total 131072K, used 96792K [0x0000000780000000, 0x00000007c0000000)
  region size 1024K, 45 young (46080K), 5 survivors (5120K)
 Metaspace       used 114118K, capacity 117735K, committed 117840K, reserved 1150976K
  class space    used 15013K, capacity 16894K, committed 16896K, reserved 1048576K
}
Event: 5.483 GC heap after
{Heap after GC invocations=24 (full 0):
 garbage-first heap   total 131072K, used 58164K [0x0000000780000000, 0x00000007c0000000)
  region size 1024K, 4 young (4096K), 4 survivors (4096K)
 Metaspace       used 114118K, capacity 117735K, committed 117840K, reserved 1150976K
  class space    used 15013K, capacity 16894K, committed 16896K, reserved 1048576K
}

