# JRE version: OpenJDK Runtime Environment Homebrew (11.0.25) (build 11.0.25+0)
# Java VM: OpenJDK 64-Bit Server VM Homebrew (11.0.25+0, mixed mode, tiered, compressed oops, g1 gc, bsd-aarch64)
Heap:
 garbage-first heap   total 131072K, used 87897K [0x0000000780000000, 0x00000007c0000000)
  region size 1024K, 39 young (39936K), 6 survivors (6144K)
 Metaspace       used 107487K, capacity 111043K, committed 111264K, reserved 1144832K
  class space    used 14534K, capacity 16385K, committed 16464K, reserved 1048576K
GC Heap History (20 events):
Event: 3.012 GC heap before
{Heap before GC invocations=10 (full 0):
 garbage-first heap   total 131072K, used 87202K [0x0000000780000000, 0x00000007c0000000)
  region size 1024K, 54 young (55296K), 5 survivors (5120K)
 Metaspace       used 52014K, capacity 53569K, committed 53712K, reserved 1095680K
  class space    used 6684K, capacity 7439K, committed 7552K, reserved 1048576K
}
Event: 3.017 GC heap after
{Heap after GC invocations=11 (full 0):
 garbage-first heap   total 131072K, used 40455K [0x0000000780000000, 0x00000007c0000000)
  region size 1024K, 3 young (3072K), 3 survivors (3072K)
 Metaspace       used 52014K, capacity 53569K, committed 53712K, reserved 1095680K
  class space    used 6684K, capacity 7439K, committed 7552K, reserved 1048576K
}
Event: 3.451 GC heap before
{Heap before GC invocations=11 (full 0):
 garbage-first heap   total 131072K, used 91655K [0x0000000780000000, 0x00000007c0000000)
  region size 1024K, 53 young (54272K), 3 survivors (3072K)
 Metaspace       used 58294K, capacity 60029K, committed 60240K, reserved 1101824K
  class space    used 7511K, capacity 8405K, committed 8448K, reserved 1048576K
}
Event: 3.453 GC heap after
{Heap after GC invocations=12 (full 0):
 garbage-first heap   total 131072K, used 42195K [0x0000000780000000, 0x00000007c0000000)
  region size 1024K, 4 young (4096K), 4 survivors (4096K)
 Metaspace       used 58294K, capacity 60029K, committed 60240K, reserved 1101824K
  class space    used 7511K, capacity 8405K, committed 8448K, reserved 1048576K
}
Event: 3.471 GC heap before
{Heap before GC invocations=12 (full 0):
 garbage-first heap   total 131072K, used 49363K [0x0000000780000000, 0x00000007c0000000)
  region size 1024K, 12 young (12288K), 4 survivors (4096K)
 Metaspace       used 58423K, capacity 60157K, committed 60240K, reserved 1101824K
  class space    used 7515K, capacity 8405K, committed 8448K, reserved 1048576K
}
Event: 3.473 GC heap after
{Heap after GC invocations=13 (full 0):
 garbage-first heap   total 131072K, used 42275K [0x0000000780000000, 0x00000007c0000000)
  region size 1024K, 4 young (4096K), 4 survivors (4096K)
 Metaspace       used 58423K, capacity 60157K, committed 60240K, reserved 1101824K
  class space    used 7515K, capacity 8405K, committed 8448K, reserved 1048576K
}
Event: 3.725 GC heap before
{Heap before GC invocations=14 (full 0):
 garbage-first heap   total 131072K, used 84259K [0x0000000780000000, 0x00000007c0000000)
  region size 1024K, 45 young (46080K), 4 survivors (4096K)
 Metaspace       used 64910K, capacity 66886K, committed 67152K, reserved 1107968K
  class space    used 8332K, capacity 9351K, committed 9472K, reserved 1048576K
}
Event: 3.728 GC heap after
{Heap after GC invocations=15 (full 0):
 garbage-first heap   total 131072K, used 44527K [0x0000000780000000, 0x00000007c0000000)
  region size 1024K, 5 young (5120K), 5 survivors (5120K)
 Metaspace       used 64910K, capacity 66886K, committed 67152K, reserved 1107968K
  class space    used 8332K, capacity 9351K, committed 9472K, reserved 1048576K
}
Event: 3.956 GC heap before
{Heap before GC invocations=15 (full 0):
 garbage-first heap   total 131072K, used 87535K [0x0000000780000000, 0x00000007c0000000)
  region size 1024K, 47 young (48128K), 5 survivors (5120K)
 Metaspace       used 71683K, capacity 73626K, committed 73808K, reserved 1114112K
  class space    used 9148K, capacity 10170K, committed 10240K, reserved 1048576K
}
Event: 3.959 GC heap after
{Heap after GC invocations=16 (full 0):
 garbage-first heap   total 131072K, used 46112K [0x0000000780000000, 0x00000007c0000000)
  region size 1024K, 4 young (4096K), 4 survivors (4096K)
 Metaspace       used 71683K, capacity 73626K, committed 73808K, reserved 1114112K
  class space    used 9148K, capacity 10170K, committed 10240K, reserved 1048576K
}
Event: 4.274 GC heap before
{Heap before GC invocations=16 (full 0):
 garbage-first heap   total 131072K, used 90144K [0x0000000780000000, 0x00000007c0000000)
  region size 1024K, 48 young (49152K), 4 survivors (4096K)
 Metaspace       used 78148K, capacity 80339K, committed 80464K, reserved 1118208K
  class space    used 10055K, capacity 11154K, committed 11264K, reserved 1048576K
}
Event: 4.277 GC heap after
{Heap after GC invocations=17 (full 0):
 garbage-first heap   total 131072K, used 48525K [0x0000000780000000, 0x00000007c0000000)
  region size 1024K, 5 young (5120K), 5 survivors (5120K)
 Metaspace       used 78148K, capacity 80339K, committed 80464K, reserved 1118208K
  class space    used 10055K, capacity 11154K, committed 11264K, reserved 1048576K
}
Event: 4.512 GC heap before
{Heap before GC invocations=17 (full 0):
 garbage-first heap   total 131072K, used 93581K [0x0000000780000000, 0x00000007c0000000)
  region size 1024K, 49 young (50176K), 5 survivors (5120K)
 Metaspace       used 86600K, capacity 89015K, committed 89168K, reserved 1126400K
  class space    used 11240K, capacity 12504K, committed 12544K, reserved 1048576K
}
Event: 4.514 GC heap after
{Heap after GC invocations=18 (full 0):
 garbage-first heap   total 131072K, used 49229K [0x0000000780000000, 0x00000007c0000000)
  region size 1024K, 3 young (3072K), 3 survivors (3072K)
 Metaspace       used 86600K, capacity 89015K, committed 89168K, reserved 1126400K
  class space    used 11240K, capacity 12504K, committed 12544K, reserved 1048576K
}
Event: 4.809 GC heap before
{Heap before GC invocations=18 (full 0):
 garbage-first heap   total 131072K, used 96333K [0x0000000780000000, 0x00000007c0000000)
  region size 1024K, 49 young (50176K), 3 survivors (3072K)
 Metaspace       used 93973K, capacity 96632K, committed 96848K, reserved 1132544K
  class space    used 12391K, capacity 13783K, committed 13824K, reserved 1048576K
}
Event: 4.811 GC heap after
{Heap after GC invocations=19 (full 0):
 garbage-first heap   total 131072K, used 51480K [0x0000000780000000, 0x00000007c0000000)
  region size 1024K, 6 young (6144K), 6 survivors (6144K)
 Metaspace       used 93973K, capacity 96632K, committed 96848K, reserved 1132544K
  class space    used 12391K, capacity 13783K, committed 13824K, reserved 1048576K
}
Event: 4.969 GC heap before
{Heap before GC invocations=19 (full 0):
 garbage-first heap   total 131072K, used 71960K [0x0000000780000000, 0x00000007c0000000)
  region size 1024K, 27 young (27648K), 6 survivors (6144K)
 Metaspace       used 97861K, capacity 100826K, committed 100832K, reserved 1136640K
  class space    used 12944K, capacity 14474K, committed 14480K, reserved 1048576K
}
Event: 4.985 GC heap after
{Heap after GC invocations=20 (full 0):
 garbage-first heap   total 131072K, used 52658K [0x0000000780000000, 0x00000007c0000000)
  region size 1024K, 5 young (5120K), 5 survivors (5120K)
 Metaspace       used 97861K, capacity 100826K, committed 100832K, reserved 1136640K
  class space    used 12944K, capacity 14474K, committed 14480K, reserved 1048576K
}
Event: 5.488 GC heap before
{Heap before GC invocations=21 (full 0):
 garbage-first heap   total 131072K, used 99762K [0x0000000780000000, 0x00000007c0000000)
  region size 1024K, 52 young (53248K), 5 survivors (5120K)
 Metaspace       used 103667K, capacity 106946K, committed 107168K, reserved 1140736K
  class space    used 13888K, capacity 15618K, committed 15696K, reserved 1048576K
}
Event: 5.496 GC heap after
{Heap after GC invocations=22 (full 0):
 garbage-first heap   total 131072K, used 55129K [0x0000000780000000, 0x00000007c0000000)
  region size 1024K, 6 young (6144K), 6 survivors (6144K)
 Metaspace       used 103667K, capacity 106946K, committed 107168K, reserved 1140736K
  class space    used 13888K, capacity 15618K, committed 15696K, reserved 1048576K
}

