# JRE version: OpenJDK Runtime Environment Homebrew (11.0.25) (build 11.0.25+0)
# Java VM: OpenJDK 64-Bit Server VM Homebrew (11.0.25+0, mixed mode, tiered, compressed oops, g1 gc, bsd-aarch64)
Heap:
 garbage-first heap   total 131072K, used 90786K [0x0000000780000000, 0x00000007c0000000)
  region size 1024K, 14 young (14336K), 2 survivors (2048K)
 Metaspace       used 143630K, capacity 150472K, committed 150816K, reserved 1177600K
  class space    used 19556K, capacity 22879K, committed 22992K, reserved 1048576K
GC Heap History (20 events):
Event: 36.222 GC heap before
{Heap before GC invocations=54 (full 0):
 garbage-first heap   total 131072K, used 95375K [0x0000000780000000, 0x00000007c0000000)
  region size 1024K, 21 young (21504K), 3 survivors (3072K)
 Metaspace       used 142726K, capacity 149516K, committed 149792K, reserved 1175552K
  class space    used 19555K, capacity 22875K, committed 22992K, reserved 1048576K
}
Event: 36.225 GC heap after
{Heap after GC invocations=55 (full 0):
 garbage-first heap   total 131072K, used 76729K [0x0000000780000000, 0x00000007c0000000)
  region size 1024K, 2 young (2048K), 2 survivors (2048K)
 Metaspace       used 142726K, capacity 149516K, committed 149792K, reserved 1175552K
  class space    used 19555K, capacity 22875K, committed 22992K, reserved 1048576K
}
Event: 36.317 GC heap before
{Heap before GC invocations=56 (full 0):
 garbage-first heap   total 131072K, used 98233K [0x0000000780000000, 0x00000007c0000000)
  region size 1024K, 12 young (12288K), 2 survivors (2048K)
 Metaspace       used 142847K, capacity 149672K, committed 149792K, reserved 1175552K
  class space    used 19557K, capacity 22879K, committed 22992K, reserved 1048576K
}
Event: 36.320 GC heap after
{Heap after GC invocations=57 (full 0):
 garbage-first heap   total 131072K, used 76765K [0x0000000780000000, 0x00000007c0000000)
  region size 1024K, 2 young (2048K), 2 survivors (2048K)
 Metaspace       used 142847K, capacity 149672K, committed 149792K, reserved 1175552K
  class space    used 19557K, capacity 22879K, committed 22992K, reserved 1048576K
}
Event: 36.536 GC heap before
{Heap before GC invocations=58 (full 0):
 garbage-first heap   total 131072K, used 88029K [0x0000000780000000, 0x00000007c0000000)
  region size 1024K, 13 young (13312K), 2 survivors (2048K)
 Metaspace       used 142936K, capacity 149741K, committed 150048K, reserved 1177600K
  class space    used 19554K, capacity 22874K, committed 22992K, reserved 1048576K
}
Event: 36.539 GC heap after
{Heap after GC invocations=59 (full 0):
 garbage-first heap   total 131072K, used 76863K [0x0000000780000000, 0x00000007c0000000)
  region size 1024K, 2 young (2048K), 2 survivors (2048K)
 Metaspace       used 142936K, capacity 149741K, committed 150048K, reserved 1177600K
  class space    used 19554K, capacity 22874K, committed 22992K, reserved 1048576K
}
Event: 36.585 GC heap before
{Heap before GC invocations=60 (full 0):
 garbage-first heap   total 131072K, used 88127K [0x0000000780000000, 0x00000007c0000000)
  region size 1024K, 10 young (10240K), 2 survivors (2048K)
 Metaspace       used 142994K, capacity 149759K, committed 150048K, reserved 1177600K
  class space    used 19555K, capacity 22876K, committed 22992K, reserved 1048576K
}
Event: 36.588 GC heap after
{Heap after GC invocations=61 (full 0):
 garbage-first heap   total 131072K, used 76995K [0x0000000780000000, 0x00000007c0000000)
  region size 1024K, 2 young (2048K), 2 survivors (2048K)
 Metaspace       used 142994K, capacity 149759K, committed 150048K, reserved 1177600K
  class space    used 19555K, capacity 22876K, committed 22992K, reserved 1048576K
}
Event: 36.637 GC heap before
{Heap before GC invocations=62 (full 0):
 garbage-first heap   total 131072K, used 84163K [0x0000000780000000, 0x00000007c0000000)
  region size 1024K, 5 young (5120K), 2 survivors (2048K)
 Metaspace       used 143024K, capacity 149824K, committed 150048K, reserved 1177600K
  class space    used 19555K, capacity 22876K, committed 22992K, reserved 1048576K
}
Event: 36.641 GC heap after
{Heap after GC invocations=63 (full 0):
 garbage-first heap   total 131072K, used 77159K [0x0000000780000000, 0x00000007c0000000)
  region size 1024K, 2 young (2048K), 2 survivors (2048K)
 Metaspace       used 143024K, capacity 149824K, committed 150048K, reserved 1177600K
  class space    used 19555K, capacity 22876K, committed 22992K, reserved 1048576K
}
Event: 36.896 GC heap before
{Heap before GC invocations=64 (full 0):
 garbage-first heap   total 131072K, used 100711K [0x0000000780000000, 0x00000007c0000000)
  region size 1024K, 22 young (22528K), 2 survivors (2048K)
 Metaspace       used 143208K, capacity 150014K, committed 150304K, reserved 1177600K
  class space    used 19557K, capacity 22881K, committed 22992K, reserved 1048576K
}
Event: 36.899 GC heap after
{Heap after GC invocations=65 (full 0):
 garbage-first heap   total 131072K, used 77133K [0x0000000780000000, 0x00000007c0000000)
  region size 1024K, 2 young (2048K), 2 survivors (2048K)
 Metaspace       used 143208K, capacity 150014K, committed 150304K, reserved 1177600K
  class space    used 19557K, capacity 22881K, committed 22992K, reserved 1048576K
}
Event: 36.986 GC heap before
{Heap before GC invocations=66 (full 0):
 garbage-first heap   total 131072K, used 90445K [0x0000000780000000, 0x00000007c0000000)
  region size 1024K, 7 young (7168K), 2 survivors (2048K)
 Metaspace       used 143254K, capacity 150091K, committed 150304K, reserved 1177600K
  class space    used 19558K, capacity 22882K, committed 22992K, reserved 1048576K
}
Event: 36.998 GC heap after
{Heap after GC invocations=67 (full 0):
 garbage-first heap   total 131072K, used 77283K [0x0000000780000000, 0x00000007c0000000)
  region size 1024K, 2 young (2048K), 2 survivors (2048K)
 Metaspace       used 143254K, capacity 150091K, committed 150304K, reserved 1177600K
  class space    used 19558K, capacity 22882K, committed 22992K, reserved 1048576K
}
Event: 37.350 GC heap before
{Heap before GC invocations=68 (full 0):
 garbage-first heap   total 131072K, used 94691K [0x0000000780000000, 0x00000007c0000000)
  region size 1024K, 17 young (17408K), 2 survivors (2048K)
 Metaspace       used 143436K, capacity 150312K, committed 150560K, reserved 1177600K
  class space    used 19558K, capacity 22882K, committed 22992K, reserved 1048576K
}
Event: 37.353 GC heap after
{Heap after GC invocations=69 (full 0):
 garbage-first heap   total 131072K, used 77313K [0x0000000780000000, 0x00000007c0000000)
  region size 1024K, 2 young (2048K), 2 survivors (2048K)
 Metaspace       used 143436K, capacity 150312K, committed 150560K, reserved 1177600K
  class space    used 19558K, capacity 22882K, committed 22992K, reserved 1048576K
}
Event: 37.455 GC heap before
{Heap before GC invocations=70 (full 0):
 garbage-first heap   total 131072K, used 96769K [0x0000000780000000, 0x00000007c0000000)
  region size 1024K, 13 young (13312K), 2 survivors (2048K)
 Metaspace       used 143543K, capacity 150397K, committed 150560K, reserved 1177600K
  class space    used 19558K, capacity 22883K, committed 22992K, reserved 1048576K
}
Event: 37.459 GC heap after
{Heap after GC invocations=71 (full 0):
 garbage-first heap   total 131072K, used 77496K [0x0000000780000000, 0x00000007c0000000)
  region size 1024K, 2 young (2048K), 2 survivors (2048K)
 Metaspace       used 143543K, capacity 150397K, committed 150560K, reserved 1177600K
  class space    used 19558K, capacity 22883K, committed 22992K, reserved 1048576K
}
Event: 37.541 GC heap before
{Heap before GC invocations=72 (full 0):
 garbage-first heap   total 131072K, used 80568K [0x0000000780000000, 0x00000007c0000000)
  region size 1024K, 4 young (4096K), 2 survivors (2048K)
 Metaspace       used 143551K, capacity 150398K, committed 150560K, reserved 1177600K
  class space    used 19558K, capacity 22883K, committed 22992K, reserved 1048576K
}
Event: 37.543 GC heap after
{Heap after GC invocations=73 (full 0):
 garbage-first heap   total 131072K, used 77474K [0x0000000780000000, 0x00000007c0000000)
  region size 1024K, 2 young (2048K), 2 survivors (2048K)
 Metaspace       used 143551K, capacity 150398K, committed 150560K, reserved 1177600K
  class space    used 19558K, capacity 22883K, committed 22992K, reserved 1048576K
}

